<?xml version="1.0" encoding="UTF-8"?>
<!-- Generated by org.testng.reporters.JUnitXMLReporter -->
<testsuite ignored="0" hostname="Jigars-MBP" failures="0" tests="3" name="Default test" time="24.124" errors="0" timestamp="10 Feb 2019 17:33:46 GMT">
  <testcase classname="com.demo.AllureReport.AllureDemoReport" name="openGoogle" time="2.178"/>
  <testcase classname="com.demo.AllureReport.AllureDemoReport" name="openFacebook" time="14.301"/>
  <testcase classname="com.demo.AllureReport.AllureDemoReport" name="openYahoo" time="4.538"/>
</testsuite> <!-- Default test -->
