<?xml version="1.0" encoding="UTF-8"?>
<testng-results ignored="0" total="3" passed="3" failed="0" skipped="0">
  <reporter-output>
  </reporter-output>
  <suite started-at="2019-02-10T17:33:22Z" name="Default suite" finished-at="2019-02-10T17:33:46Z" duration-ms="24124">
    <groups>
    </groups>
    <test started-at="2019-02-10T17:33:22Z" name="Default test" finished-at="2019-02-10T17:33:46Z" duration-ms="24124">
      <class name="com.demo.AllureReport.AllureDemoReport">
        <test-method is-config="true" signature="setUp()[pri:0, instance:com.demo.AllureReport.AllureDemoReport@6cc4cdb9]" started-at="2019-02-10T17:33:22Z" name="setUp" finished-at="2019-02-10T17:33:25Z" duration-ms="2857" status="PASS">
          <reporter-output>
          </reporter-output>
        </test-method> <!-- setUp -->
        <test-method signature="openGoogle()[pri:1, instance:com.demo.AllureReport.AllureDemoReport@6cc4cdb9]" started-at="2019-02-10T17:33:25Z" name="openGoogle" finished-at="2019-02-10T17:33:27Z" duration-ms="2178" status="PASS">
          <reporter-output>
          </reporter-output>
        </test-method> <!-- openGoogle -->
        <test-method signature="openFacebook()[pri:2, instance:com.demo.AllureReport.AllureDemoReport@6cc4cdb9]" started-at="2019-02-10T17:33:27Z" name="openFacebook" finished-at="2019-02-10T17:33:41Z" duration-ms="14301" status="PASS">
          <reporter-output>
          </reporter-output>
        </test-method> <!-- openFacebook -->
        <test-method signature="openYahoo()[pri:3, instance:com.demo.AllureReport.AllureDemoReport@6cc4cdb9]" started-at="2019-02-10T17:33:41Z" name="openYahoo" finished-at="2019-02-10T17:33:46Z" duration-ms="4538" status="PASS">
          <reporter-output>
          </reporter-output>
        </test-method> <!-- openYahoo -->
        <test-method is-config="true" signature="tearDown()[pri:0, instance:com.demo.AllureReport.AllureDemoReport@6cc4cdb9]" started-at="2019-02-10T17:33:46Z" name="tearDown" finished-at="2019-02-10T17:33:46Z" duration-ms="165" status="PASS">
          <reporter-output>
          </reporter-output>
        </test-method> <!-- tearDown -->
      </class> <!-- com.demo.AllureReport.AllureDemoReport -->
    </test> <!-- Default test -->
  </suite> <!-- Default suite -->
</testng-results>
